e:\git\zm_duilib\duilib\build\debug\vc120.pdb
e:\git\zm_duilib\duilib\build\debug\xunzip.obj
e:\git\zm_duilib\duilib\build\debug\uiedit.obj
e:\git\zm_duilib\duilib\build\debug\uilist.obj
e:\git\zm_duilib\duilib\build\debug\duilib_ud.pch
e:\git\zm_duilib\duilib\build\debug\stdafx.obj
e:\git\zm_duilib\duilib\build\debug\dropsource.obj
e:\git\zm_duilib\duilib\build\debug\oledatahelper.obj
e:\git\zm_duilib\duilib\build\debug\uigifanim.obj
e:\git\zm_duilib\duilib\build\debug\uihorizontallayout.obj
e:\git\zm_duilib\duilib\build\debug\uihotkey.obj
e:\git\zm_duilib\duilib\build\debug\uilabel.obj
e:\git\zm_duilib\duilib\build\debug\uimarkup.obj
e:\git\zm_duilib\duilib\build\debug\uimenu.obj
e:\git\zm_duilib\duilib\build\debug\uiprogress.obj
e:\git\zm_duilib\duilib\build\debug\uiradiobox.obj
e:\git\zm_duilib\duilib\build\debug\uirender.obj
e:\git\zm_duilib\duilib\build\debug\uitablayout.obj
e:\git\zm_duilib\duilib\build\debug\uitilelayout.obj
e:\git\zm_duilib\duilib\build\debug\uiverticallayout.obj
e:\git\zm_duilib\duilib\build\debug\utils.obj
e:\git\zm_duilib\duilib\build\debug\uieffect.obj
e:\git\zm_duilib\duilib\build\debug\systemtray.obj
e:\git\zm_duilib\duilib\build\debug\gifinfo.obj
e:\git\zm_duilib\duilib\build\debug\parseproperty.obj
e:\git\zm_duilib\duilib\build\debug\uiactivex.obj
e:\git\zm_duilib\duilib\build\debug\uibutton.obj
e:\git\zm_duilib\duilib\build\debug\uicircleprogress.obj
e:\git\zm_duilib\duilib\build\debug\uicontrol.obj
e:\git\zm_duilib\duilib\build\debug\uiipaddress.obj
e:\git\zm_duilib\duilib\build\debug\uimanager.obj
e:\git\zm_duilib\duilib\build\debug\uipwdcheck.obj
e:\git\zm_duilib\duilib\build\debug\uiscrollbar.obj
e:\git\zm_duilib\duilib\build\debug\uislider.obj
e:\git\zm_duilib\duilib\build\debug\uitext.obj
e:\git\zm_duilib\duilib\build\debug\uitreeview.obj
e:\git\zm_duilib\duilib\build\debug\uiwkebrowser.obj
e:\git\zm_duilib\duilib\build\debug\effect.obj
e:\git\zm_duilib\duilib\build\debug\dataobject.obj
e:\git\zm_duilib\duilib\build\debug\subject.obj
e:\git\zm_duilib\duilib\build\debug\uichildlayout.obj
e:\git\zm_duilib\duilib\build\debug\uicontainer.obj
e:\git\zm_duilib\duilib\build\debug\uidatetime.obj
e:\git\zm_duilib\duilib\build\debug\uidelegate.obj
e:\git\zm_duilib\duilib\build\debug\uidlgbuilder.obj
e:\git\zm_duilib\duilib\build\debug\uiflash.obj
e:\git\zm_duilib\duilib\build\debug\uihweightlayout.obj
e:\git\zm_duilib\duilib\build\debug\uioption.obj
e:\git\zm_duilib\duilib\build\debug\uirichedit.obj
e:\git\zm_duilib\duilib\build\debug\uishadow.obj
e:\git\zm_duilib\duilib\build\debug\uilib.obj
e:\git\zm_duilib\duilib\build\debug\winimplbase.obj
e:\git\zm_duilib\duilib\build\debug\color_helper.obj
e:\git\zm_duilib\duilib\build\debug\image_process.obj
e:\git\zm_duilib\duilib\build\debug\wke_dll.obj
e:\git\zm_duilib\duilib\build\debug\droptarget.obj
e:\git\zm_duilib\duilib\build\debug\uibase.obj
e:\git\zm_duilib\duilib\build\debug\uicheckbox.obj
e:\git\zm_duilib\duilib\build\debug\uicombo.obj
e:\git\zm_duilib\duilib\lib\duilib_ud.lib
e:\git\zm_duilib\duilib\lib\duilib_ud.exp
e:\git\zm_duilib\duilib\lib\duilib_d.lib
e:\git\zm_duilib\duilib\lib\duilib_d.exp
e:\git\zm_duilib\duilib\bin\duilib_ud.dll
e:\git\zm_duilib\duilib\bin\duilib_ud.pdb
e:\git\zm_duilib\duilib\build\debug\duilib_d.pch
e:\git\zm_duilib\duilib\build\debug\duilib.tlog\cl.command.1.tlog
e:\git\zm_duilib\duilib\build\debug\duilib.tlog\cl.read.1.tlog
e:\git\zm_duilib\duilib\build\debug\duilib.tlog\cl.write.1.tlog
e:\git\zm_duilib\duilib\build\debug\duilib.tlog\duilib.write.1u.tlog
e:\git\zm_duilib\duilib\build\debug\duilib.tlog\link.command.1.tlog
e:\git\zm_duilib\duilib\build\debug\duilib.tlog\link.read.1.tlog
e:\git\zm_duilib\duilib\build\debug\duilib.tlog\link.write.1.tlog
