e:\git\zm_duilib\example\duictrldemo\duictrldemo\debug\duictrldemo.pch
e:\git\zm_duilib\example\duictrldemo\duictrldemo\debug\vc120.pdb
e:\git\zm_duilib\example\duictrldemo\duictrldemo\debug\vc120.idb
e:\git\zm_duilib\example\duictrldemo\duictrldemo\debug\stdafx.obj
e:\git\zm_duilib\example\duictrldemo\duictrldemo\debug\bkskin.obj
e:\git\zm_duilib\example\duictrldemo\duictrldemo\debug\ctrlactivex.obj
e:\git\zm_duilib\example\duictrldemo\duictrldemo\debug\ctrlbasics.obj
e:\git\zm_duilib\example\duictrldemo\duictrldemo\debug\ctrlcontrolex.obj
e:\git\zm_duilib\example\duictrldemo\duictrldemo\debug\ctrllist.obj
e:\git\zm_duilib\example\duictrldemo\duictrldemo\debug\ctrlsenior.obj
e:\git\zm_duilib\example\duictrldemo\duictrldemo\debug\fileutil.obj
e:\git\zm_duilib\example\duictrldemo\duictrldemo\debug\main.obj
e:\git\zm_duilib\example\duictrldemo\duictrldemo\debug\mainframe.obj
e:\git\zm_duilib\example\duictrldemo\duictrldemo\debug\popframe.obj
e:\git\zm_duilib\duilib\debug\duictrldemo.ilk
e:\git\zm_duilib\duilib\debug\duictrldemo.exe
e:\git\zm_duilib\duilib\debug\duictrldemo.pdb
e:\git\zm_duilib\example\duictrldemo\duictrldemo\debug\duictrldemo.res
e:\git\zm_duilib\example\duictrldemo\duictrldemo\debug\duictrldemo.tlog\cl.command.1.tlog
e:\git\zm_duilib\example\duictrldemo\duictrldemo\debug\duictrldemo.tlog\cl.read.1.tlog
e:\git\zm_duilib\example\duictrldemo\duictrldemo\debug\duictrldemo.tlog\cl.write.1.tlog
e:\git\zm_duilib\example\duictrldemo\duictrldemo\debug\duictrldemo.tlog\link.command.1.tlog
e:\git\zm_duilib\example\duictrldemo\duictrldemo\debug\duictrldemo.tlog\link.read.1.tlog
e:\git\zm_duilib\example\duictrldemo\duictrldemo\debug\duictrldemo.tlog\link.write.1.tlog
e:\git\zm_duilib\example\duictrldemo\duictrldemo\debug\duictrldemo.tlog\rc.command.1.tlog
e:\git\zm_duilib\example\duictrldemo\duictrldemo\debug\duictrldemo.tlog\rc.read.1.tlog
e:\git\zm_duilib\example\duictrldemo\duictrldemo\debug\duictrldemo.tlog\rc.write.1.tlog
